[debug] [2021-01-23T08:26:23.616Z] ----------------------------------------------------------------------
[debug] [2021-01-23T08:26:23.619Z] Command:       C:\Program Files\nodejs\node.exe C:\Users\79198\AppData\Roaming\npm\node_modules\firebase-tools\lib\bin\firebase.js emulators:start --only functions
[debug] [2021-01-23T08:26:23.619Z] CLI Version:   9.2.2
[debug] [2021-01-23T08:26:23.620Z] Platform:      win32
[debug] [2021-01-23T08:26:23.620Z] Node Version:  v14.8.0
[debug] [2021-01-23T08:26:23.624Z] Time:          Sat Jan 23 2021 11:26:23 GMT+0300 (Москва, стандартное время)
[debug] [2021-01-23T08:26:23.625Z] ----------------------------------------------------------------------
[debug] [2021-01-23T08:26:23.625Z] 
[debug] [2021-01-23T08:26:23.629Z] >>> [apiv2][query] GET https://firebase-public.firebaseio.com/cli.json [none]
[debug] [2021-01-23T08:26:23.657Z] > command requires scopes: ["email","openid","https://www.googleapis.com/auth/cloudplatformprojects.readonly","https://www.googleapis.com/auth/firebase","https://www.googleapis.com/auth/cloud-platform"]
[debug] [2021-01-23T08:26:23.658Z] > authorizing via signed-in user
[info] i  emulators: Starting emulators: functions {"metadata":{"emulator":{"name":"hub"},"message":"Starting emulators: functions"}}
[debug] [2021-01-23T08:26:24.322Z] <<< [apiv2][status] GET https://firebase-public.firebaseio.com/cli.json 200
[debug] [2021-01-23T08:26:24.323Z] <<< [apiv2][body] GET https://firebase-public.firebaseio.com/cli.json {"cloudBuildErrorAfter":1594252800000,"cloudBuildWarnAfter":1590019200000,"defaultNode10After":1594252800000,"minVersion":"3.0.5","node8DeploysDisabledAfter":1613390400000,"node8RuntimeDisabledAfter":1615809600000,"node8WarnAfter":1600128000000}
[debug] [2021-01-23T08:26:25.788Z] [hub] writing locator at C:\Users\79198\AppData\Local\Temp\hub-ecommerce-web-ebf93.json
[warn] !  functions: The following emulators are not running, calls to these services from the Functions emulator will affect production: auth, firestore, database, hosting, pubsub {"metadata":{"emulator":{"name":"functions"},"message":"The following emulators are not running, calls to these services from the Functions emulator will affect production: \u001b[1mauth, firestore, database, hosting, pubsub\u001b[22m"}}
[warn] !  Your requested "node" version "12" doesn't match your global version "14" {"metadata":{"emulator":{"name":"functions"},"message":"Your requested \"node\" version \"12\" doesn't match your global version \"14\""}}
[debug] [2021-01-23T08:26:27.860Z] defaultcredentials: writing to file C:\Users\79198\AppData\Roaming\firebase\serdyuk_dmitriy1_gmail.com_application_default_credentials.json
[debug] [2021-01-23T08:26:27.869Z] Setting GAC to C:\Users\79198\AppData\Roaming\firebase\serdyuk_dmitriy1_gmail.com_application_default_credentials.json {"metadata":{"emulator":{"name":"functions"},"message":"Setting GAC to C:\\Users\\79198\\AppData\\Roaming\\firebase\\serdyuk_dmitriy1_gmail.com_application_default_credentials.json"}}
[debug] [2021-01-23T08:26:27.875Z] > refreshing access token with scopes: []
[debug] [2021-01-23T08:26:27.877Z] >>> HTTP REQUEST POST https://www.googleapis.com/oauth2/v3/token  
 <request body omitted>
[debug] [2021-01-23T08:26:28.035Z] <<< HTTP RESPONSE 200 {"pragma":"no-cache","expires":"Mon, 01 Jan 1990 00:00:00 GMT","date":"Sat, 23 Jan 2021 08:26:28 GMT","cache-control":"no-cache, no-store, max-age=0, must-revalidate","content-type":"application/json; charset=utf-8","vary":"X-Origin, Referer, Origin,Accept-Encoding","server":"scaffolding on HTTPServer2","x-xss-protection":"0","x-frame-options":"SAMEORIGIN","x-content-type-options":"nosniff","alt-svc":"h3-29=\":443\"; ma=2592000,h3-T051=\":443\"; ma=2592000,h3-Q050=\":443\"; ma=2592000,h3-Q046=\":443\"; ma=2592000,h3-Q043=\":443\"; ma=2592000,quic=\":443\"; ma=2592000; v=\"46,43\"","accept-ranges":"none","transfer-encoding":"chunked"}
[debug] [2021-01-23T08:26:28.043Z] >>> [apiv2][query] GET https://firebase.googleapis.com/v1beta1/projects/ecommerce-web-ebf93/adminSdkConfig [none]
[debug] [2021-01-23T08:26:28.588Z] <<< [apiv2][status] GET https://firebase.googleapis.com/v1beta1/projects/ecommerce-web-ebf93/adminSdkConfig 200
[debug] [2021-01-23T08:26:28.588Z] <<< [apiv2][body] GET https://firebase.googleapis.com/v1beta1/projects/ecommerce-web-ebf93/adminSdkConfig {"projectId":"ecommerce-web-ebf93","databaseURL":"https://ecommerce-web-ebf93-default-rtdb.firebaseio.com","storageBucket":"ecommerce-web-ebf93.appspot.com","locationId":"us-central"}
[debug] [2021-01-23T08:26:32.625Z] Ignoring unsupported arg: auto_download {"metadata":{"emulator":{"name":"ui"},"message":"Ignoring unsupported arg: auto_download"}}
[debug] [2021-01-23T08:26:32.625Z] Ignoring unsupported arg: port {"metadata":{"emulator":{"name":"ui"},"message":"Ignoring unsupported arg: port"}}
[debug] [2021-01-23T08:26:32.626Z] Starting Emulator UI with command {"binary":"node","args":["C:\\Users\\79198\\.cache\\firebase\\emulators\\ui-v1.4.1\\server.bundle.js"],"optionalArgs":[],"joinArgs":false} {"metadata":{"emulator":{"name":"ui"},"message":"Starting Emulator UI with command {\"binary\":\"node\",\"args\":[\"C:\\\\Users\\\\79198\\\\.cache\\\\firebase\\\\emulators\\\\ui-v1.4.1\\\\server.bundle.js\"],\"optionalArgs\":[],\"joinArgs\":false}"}}
[info] i  ui: Emulator UI logging to ui-debug.log {"metadata":{"emulator":{"name":"ui"},"message":"Emulator UI logging to \u001b[1mui-debug.log\u001b[22m"}}
[debug] [2021-01-23T08:26:32.956Z] Web / API server started at http://localhost:4000
 {"metadata":{"emulator":{"name":"ui"},"message":"Web / API server started at http://localhost:4000\n"}}
[info] i  functions: Watching "E:\web\2021\react\react-ecomm\functions" for Cloud Functions... {"metadata":{"emulator":{"name":"functions"},"message":"Watching \"E:\\web\\2021\\react\\react-ecomm\\functions\" for Cloud Functions..."}}
[debug] [2021-01-23T08:26:33.196Z] [worker-pool] addWorker(~diagnostic~) {"metadata":{"emulator":{"name":"functions"},"message":"[worker-pool] addWorker(~diagnostic~)"}}
[debug] [2021-01-23T08:26:33.197Z] [worker-pool] Adding worker with key ~diagnostic~, total=1 {"metadata":{"emulator":{"name":"functions"},"message":"[worker-pool] Adding worker with key ~diagnostic~, total=1"}}
[debug] [2021-01-23T08:26:33.197Z] [worker-pool] submitWork(triggerId=) {"metadata":{"emulator":{"name":"functions"},"message":"[worker-pool] submitWork(triggerId=)"}}
[debug] [2021-01-23T08:26:33.198Z] [worker-~diagnostic~-308022d0-1c1e-4e5a-aba3-753fec74ed3a]: Assigning socketPath: \\?\pipe\E:\web\2021\react\react-ecomm\functions\73132 {"metadata":{"emulator":{"name":"functions"},"message":"[worker-~diagnostic~-308022d0-1c1e-4e5a-aba3-753fec74ed3a]: Assigning socketPath: \\\\?\\pipe\\E:\\web\\2021\\react\\react-ecomm\\functions\\73132"}}
[debug] [2021-01-23T08:26:33.199Z] [worker-~diagnostic~-308022d0-1c1e-4e5a-aba3-753fec74ed3a]: BUSY {"metadata":{"emulator":{"name":"functions"},"message":"[worker-~diagnostic~-308022d0-1c1e-4e5a-aba3-753fec74ed3a]: BUSY"}}
[debug] [2021-01-23T08:26:33.656Z] [runtime-status] [73132] Functions runtime initialized. {"cwd":"E:\\web\\2021\\react\\react-ecomm\\functions","node_version":"14.8.0"} {"metadata":{"emulator":{"name":"functions"},"message":"[runtime-status] [73132] Functions runtime initialized. {\"cwd\":\"E:\\\\web\\\\2021\\\\react\\\\react-ecomm\\\\functions\",\"node_version\":\"14.8.0\"}"}}
[debug] [2021-01-23T08:26:33.659Z] [runtime-status] [73132] Disabled runtime features: undefined {"metadata":{"emulator":{"name":"functions"},"message":"[runtime-status] [73132] Disabled runtime features: undefined"}}
[debug] [2021-01-23T08:26:33.673Z] [runtime-status] [73132] Resolved module firebase-admin {"declared":true,"installed":true,"version":"9.4.2","resolution":"E:\\web\\2021\\react\\react-ecomm\\functions\\node_modules\\firebase-admin\\lib\\index.js"} {"metadata":{"emulator":{"name":"functions"},"message":"[runtime-status] [73132] Resolved module firebase-admin {\"declared\":true,\"installed\":true,\"version\":\"9.4.2\",\"resolution\":\"E:\\\\web\\\\2021\\\\react\\\\react-ecomm\\\\functions\\\\node_modules\\\\firebase-admin\\\\lib\\\\index.js\"}"}}
[debug] [2021-01-23T08:26:33.677Z] [runtime-status] [73132] Resolved module firebase-functions {"declared":true,"installed":true,"version":"3.13.1","resolution":"E:\\web\\2021\\react\\react-ecomm\\functions\\node_modules\\firebase-functions\\lib\\index.js"} {"metadata":{"emulator":{"name":"functions"},"message":"[runtime-status] [73132] Resolved module firebase-functions {\"declared\":true,\"installed\":true,\"version\":\"3.13.1\",\"resolution\":\"E:\\\\web\\\\2021\\\\react\\\\react-ecomm\\\\functions\\\\node_modules\\\\firebase-functions\\\\lib\\\\index.js\"}"}}
[debug] [2021-01-23T08:26:33.679Z] [runtime-status] [73132] Resolved module firebase-functions {"declared":true,"installed":true,"version":"3.13.1","resolution":"E:\\web\\2021\\react\\react-ecomm\\functions\\node_modules\\firebase-functions\\lib\\index.js"} {"metadata":{"emulator":{"name":"functions"},"message":"[runtime-status] [73132] Resolved module firebase-functions {\"declared\":true,\"installed\":true,\"version\":\"3.13.1\",\"resolution\":\"E:\\\\web\\\\2021\\\\react\\\\react-ecomm\\\\functions\\\\node_modules\\\\firebase-functions\\\\lib\\\\index.js\"}"}}
[debug] [2021-01-23T08:26:33.682Z] [runtime-status] [73132] Outgoing network have been stubbed. [{"name":"http","status":"mocked"},{"name":"http","status":"mocked"},{"name":"https","status":"mocked"},{"name":"https","status":"mocked"},{"name":"net","status":"mocked"}] {"metadata":{"emulator":{"name":"functions"},"message":"[runtime-status] [73132] Outgoing network have been stubbed. [{\"name\":\"http\",\"status\":\"mocked\"},{\"name\":\"http\",\"status\":\"mocked\"},{\"name\":\"https\",\"status\":\"mocked\"},{\"name\":\"https\",\"status\":\"mocked\"},{\"name\":\"net\",\"status\":\"mocked\"}]"}}
[debug] [2021-01-23T08:26:33.683Z] [runtime-status] [73132] Resolved module firebase-functions {"declared":true,"installed":true,"version":"3.13.1","resolution":"E:\\web\\2021\\react\\react-ecomm\\functions\\node_modules\\firebase-functions\\lib\\index.js"} {"metadata":{"emulator":{"name":"functions"},"message":"[runtime-status] [73132] Resolved module firebase-functions {\"declared\":true,\"installed\":true,\"version\":\"3.13.1\",\"resolution\":\"E:\\\\web\\\\2021\\\\react\\\\react-ecomm\\\\functions\\\\node_modules\\\\firebase-functions\\\\lib\\\\index.js\"}"}}
[debug] [2021-01-23T08:26:33.777Z] [runtime-status] [73132] Checked functions.config() {"config":{}} {"metadata":{"emulator":{"name":"functions"},"message":"[runtime-status] [73132] Checked functions.config() {\"config\":{}}"}}
[debug] [2021-01-23T08:26:33.777Z] [runtime-status] [73132] firebase-functions has been stubbed. {"functionsResolution":{"declared":true,"installed":true,"version":"3.13.1","resolution":"E:\\web\\2021\\react\\react-ecomm\\functions\\node_modules\\firebase-functions\\lib\\index.js"}} {"metadata":{"emulator":{"name":"functions"},"message":"[runtime-status] [73132] firebase-functions has been stubbed. {\"functionsResolution\":{\"declared\":true,\"installed\":true,\"version\":\"3.13.1\",\"resolution\":\"E:\\\\web\\\\2021\\\\react\\\\react-ecomm\\\\functions\\\\node_modules\\\\firebase-functions\\\\lib\\\\index.js\"}}"}}
[debug] [2021-01-23T08:26:33.778Z] [runtime-status] [73132] Resolved module firebase-functions {"declared":true,"installed":true,"version":"3.13.1","resolution":"E:\\web\\2021\\react\\react-ecomm\\functions\\node_modules\\firebase-functions\\lib\\index.js"} {"metadata":{"emulator":{"name":"functions"},"message":"[runtime-status] [73132] Resolved module firebase-functions {\"declared\":true,\"installed\":true,\"version\":\"3.13.1\",\"resolution\":\"E:\\\\web\\\\2021\\\\react\\\\react-ecomm\\\\functions\\\\node_modules\\\\firebase-functions\\\\lib\\\\index.js\"}"}}
[debug] [2021-01-23T08:26:33.779Z] [runtime-status] [73132] Resolved module firebase-admin {"declared":true,"installed":true,"version":"9.4.2","resolution":"E:\\web\\2021\\react\\react-ecomm\\functions\\node_modules\\firebase-admin\\lib\\index.js"} {"metadata":{"emulator":{"name":"functions"},"message":"[runtime-status] [73132] Resolved module firebase-admin {\"declared\":true,\"installed\":true,\"version\":\"9.4.2\",\"resolution\":\"E:\\\\web\\\\2021\\\\react\\\\react-ecomm\\\\functions\\\\node_modules\\\\firebase-admin\\\\lib\\\\index.js\"}"}}
[debug] [2021-01-23T08:26:33.780Z] [runtime-status] [73132] Resolved module firebase-functions {"declared":true,"installed":true,"version":"3.13.1","resolution":"E:\\web\\2021\\react\\react-ecomm\\functions\\node_modules\\firebase-functions\\lib\\index.js"} {"metadata":{"emulator":{"name":"functions"},"message":"[runtime-status] [73132] Resolved module firebase-functions {\"declared\":true,\"installed\":true,\"version\":\"3.13.1\",\"resolution\":\"E:\\\\web\\\\2021\\\\react\\\\react-ecomm\\\\functions\\\\node_modules\\\\firebase-functions\\\\lib\\\\index.js\"}"}}
[debug] [2021-01-23T08:26:33.780Z] [runtime-status] [73132] firebase-admin has been stubbed. {"adminResolution":{"declared":true,"installed":true,"version":"9.4.2","resolution":"E:\\web\\2021\\react\\react-ecomm\\functions\\node_modules\\firebase-admin\\lib\\index.js"}} {"metadata":{"emulator":{"name":"functions"},"message":"[runtime-status] [73132] firebase-admin has been stubbed. {\"adminResolution\":{\"declared\":true,\"installed\":true,\"version\":\"9.4.2\",\"resolution\":\"E:\\\\web\\\\2021\\\\react\\\\react-ecomm\\\\functions\\\\node_modules\\\\firebase-admin\\\\lib\\\\index.js\"}}"}}
[info] +  functions[api]: http function initialized (http://localhost:5001/ecommerce-web-ebf93/us-central1/api). {"metadata":{"emulator":{"name":"functions"},"message":"\u001b[1mhttp\u001b[22m function initialized (http://localhost:5001/ecommerce-web-ebf93/us-central1/api)."}}
[info] 
┌─────────────────────────────────────────────────────────────┐
│ ✔  All emulators ready! It is now safe to connect your app. │
│ i  View Emulator UI at http://localhost:4000                │
└─────────────────────────────────────────────────────────────┘

┌───────────┬────────────────┬─────────────────────────────────┐
│ Emulator  │ Host:Port      │ View in Emulator UI             │
├───────────┼────────────────┼─────────────────────────────────┤
│ Functions │ localhost:5001 │ http://localhost:4000/functions │
└───────────┴────────────────┴─────────────────────────────────┘
  Emulator Hub running at localhost:4400
  Other reserved ports: 4500

Issues? Report them at https://github.com/firebase/firebase-tools/issues and attach the *-debug.log files.
 
[debug] [2021-01-23T08:26:34.257Z] [worker-~diagnostic~-308022d0-1c1e-4e5a-aba3-753fec74ed3a]: IDLE {"metadata":{"emulator":{"name":"functions"},"message":"[worker-~diagnostic~-308022d0-1c1e-4e5a-aba3-753fec74ed3a]: IDLE"}}
[debug] [2021-01-23T08:42:05.968Z] [work-queue] {"queueLength":1,"workRunningCount":0}
[debug] [2021-01-23T08:42:05.969Z] [work-queue] {"queueLength":0,"workRunningCount":1}
[debug] [2021-01-23T08:42:05.970Z] Accepted request GET /ecommerce-web-ebf93/us-central1/api --> api
[debug] [2021-01-23T08:42:05.990Z] [worker-pool] addWorker(api) {"metadata":{"emulator":{"name":"functions"},"message":"[worker-pool] addWorker(api)"}}
[debug] [2021-01-23T08:42:05.990Z] [worker-pool] Adding worker with key api, total=1 {"metadata":{"emulator":{"name":"functions"},"message":"[worker-pool] Adding worker with key api, total=1"}}
[debug] [2021-01-23T08:42:05.990Z] [worker-pool] submitWork(triggerId=api) {"metadata":{"emulator":{"name":"functions"},"message":"[worker-pool] submitWork(triggerId=api)"}}
[debug] [2021-01-23T08:42:05.991Z] [worker-api-a090b4c2-f5ca-4363-9e98-ea93212f110f]: Assigning socketPath: \\?\pipe\E:\web\2021\react\react-ecomm\functions\73712 {"metadata":{"emulator":{"name":"functions"},"message":"[worker-api-a090b4c2-f5ca-4363-9e98-ea93212f110f]: Assigning socketPath: \\\\?\\pipe\\E:\\web\\2021\\react\\react-ecomm\\functions\\73712"}}
[debug] [2021-01-23T08:42:05.991Z] [worker-api-a090b4c2-f5ca-4363-9e98-ea93212f110f]: BUSY {"metadata":{"emulator":{"name":"functions"},"message":"[worker-api-a090b4c2-f5ca-4363-9e98-ea93212f110f]: BUSY"}}
[debug] [2021-01-23T08:42:06.447Z] [runtime-status] [73712] Functions runtime initialized. {"cwd":"E:\\web\\2021\\react\\react-ecomm\\functions","node_version":"14.8.0"} {"metadata":{"emulator":{"name":"functions"},"function":{"name":"api"},"message":"[runtime-status] [73712] Functions runtime initialized. {\"cwd\":\"E:\\\\web\\\\2021\\\\react\\\\react-ecomm\\\\functions\",\"node_version\":\"14.8.0\"}"}}
[debug] [2021-01-23T08:42:06.451Z] [runtime-status] [73712] Disabled runtime features: undefined {"metadata":{"emulator":{"name":"functions"},"function":{"name":"api"},"message":"[runtime-status] [73712] Disabled runtime features: undefined"}}
[debug] [2021-01-23T08:42:06.456Z] [runtime-status] [73712] Resolved module firebase-admin {"declared":true,"installed":true,"version":"9.4.2","resolution":"E:\\web\\2021\\react\\react-ecomm\\functions\\node_modules\\firebase-admin\\lib\\index.js"} {"metadata":{"emulator":{"name":"functions"},"function":{"name":"api"},"message":"[runtime-status] [73712] Resolved module firebase-admin {\"declared\":true,\"installed\":true,\"version\":\"9.4.2\",\"resolution\":\"E:\\\\web\\\\2021\\\\react\\\\react-ecomm\\\\functions\\\\node_modules\\\\firebase-admin\\\\lib\\\\index.js\"}"}}
[debug] [2021-01-23T08:42:06.458Z] [runtime-status] [73712] Resolved module firebase-functions {"declared":true,"installed":true,"version":"3.13.1","resolution":"E:\\web\\2021\\react\\react-ecomm\\functions\\node_modules\\firebase-functions\\lib\\index.js"} {"metadata":{"emulator":{"name":"functions"},"function":{"name":"api"},"message":"[runtime-status] [73712] Resolved module firebase-functions {\"declared\":true,\"installed\":true,\"version\":\"3.13.1\",\"resolution\":\"E:\\\\web\\\\2021\\\\react\\\\react-ecomm\\\\functions\\\\node_modules\\\\firebase-functions\\\\lib\\\\index.js\"}"}}
[debug] [2021-01-23T08:42:06.462Z] [runtime-status] [73712] Resolved module firebase-functions {"declared":true,"installed":true,"version":"3.13.1","resolution":"E:\\web\\2021\\react\\react-ecomm\\functions\\node_modules\\firebase-functions\\lib\\index.js"} {"metadata":{"emulator":{"name":"functions"},"function":{"name":"api"},"message":"[runtime-status] [73712] Resolved module firebase-functions {\"declared\":true,\"installed\":true,\"version\":\"3.13.1\",\"resolution\":\"E:\\\\web\\\\2021\\\\react\\\\react-ecomm\\\\functions\\\\node_modules\\\\firebase-functions\\\\lib\\\\index.js\"}"}}
[debug] [2021-01-23T08:42:06.466Z] [runtime-status] [73712] Outgoing network have been stubbed. [{"name":"http","status":"mocked"},{"name":"http","status":"mocked"},{"name":"https","status":"mocked"},{"name":"https","status":"mocked"},{"name":"net","status":"mocked"}] {"metadata":{"emulator":{"name":"functions"},"function":{"name":"api"},"message":"[runtime-status] [73712] Outgoing network have been stubbed. [{\"name\":\"http\",\"status\":\"mocked\"},{\"name\":\"http\",\"status\":\"mocked\"},{\"name\":\"https\",\"status\":\"mocked\"},{\"name\":\"https\",\"status\":\"mocked\"},{\"name\":\"net\",\"status\":\"mocked\"}]"}}
[debug] [2021-01-23T08:42:06.467Z] [runtime-status] [73712] Resolved module firebase-functions {"declared":true,"installed":true,"version":"3.13.1","resolution":"E:\\web\\2021\\react\\react-ecomm\\functions\\node_modules\\firebase-functions\\lib\\index.js"} {"metadata":{"emulator":{"name":"functions"},"function":{"name":"api"},"message":"[runtime-status] [73712] Resolved module firebase-functions {\"declared\":true,\"installed\":true,\"version\":\"3.13.1\",\"resolution\":\"E:\\\\web\\\\2021\\\\react\\\\react-ecomm\\\\functions\\\\node_modules\\\\firebase-functions\\\\lib\\\\index.js\"}"}}
[debug] [2021-01-23T08:42:06.528Z] [runtime-status] [73712] Checked functions.config() {"config":{}} {"metadata":{"emulator":{"name":"functions"},"function":{"name":"api"},"message":"[runtime-status] [73712] Checked functions.config() {\"config\":{}}"}}
[debug] [2021-01-23T08:42:06.529Z] [runtime-status] [73712] firebase-functions has been stubbed. {"functionsResolution":{"declared":true,"installed":true,"version":"3.13.1","resolution":"E:\\web\\2021\\react\\react-ecomm\\functions\\node_modules\\firebase-functions\\lib\\index.js"}} {"metadata":{"emulator":{"name":"functions"},"function":{"name":"api"},"message":"[runtime-status] [73712] firebase-functions has been stubbed. {\"functionsResolution\":{\"declared\":true,\"installed\":true,\"version\":\"3.13.1\",\"resolution\":\"E:\\\\web\\\\2021\\\\react\\\\react-ecomm\\\\functions\\\\node_modules\\\\firebase-functions\\\\lib\\\\index.js\"}}"}}
[debug] [2021-01-23T08:42:06.530Z] [runtime-status] [73712] Resolved module firebase-functions {"declared":true,"installed":true,"version":"3.13.1","resolution":"E:\\web\\2021\\react\\react-ecomm\\functions\\node_modules\\firebase-functions\\lib\\index.js"} {"metadata":{"emulator":{"name":"functions"},"function":{"name":"api"},"message":"[runtime-status] [73712] Resolved module firebase-functions {\"declared\":true,\"installed\":true,\"version\":\"3.13.1\",\"resolution\":\"E:\\\\web\\\\2021\\\\react\\\\react-ecomm\\\\functions\\\\node_modules\\\\firebase-functions\\\\lib\\\\index.js\"}"}}
[debug] [2021-01-23T08:42:06.532Z] [runtime-status] [73712] Resolved module firebase-admin {"declared":true,"installed":true,"version":"9.4.2","resolution":"E:\\web\\2021\\react\\react-ecomm\\functions\\node_modules\\firebase-admin\\lib\\index.js"} {"metadata":{"emulator":{"name":"functions"},"function":{"name":"api"},"message":"[runtime-status] [73712] Resolved module firebase-admin {\"declared\":true,\"installed\":true,\"version\":\"9.4.2\",\"resolution\":\"E:\\\\web\\\\2021\\\\react\\\\react-ecomm\\\\functions\\\\node_modules\\\\firebase-admin\\\\lib\\\\index.js\"}"}}
[debug] [2021-01-23T08:42:06.533Z] [runtime-status] [73712] Resolved module firebase-functions {"declared":true,"installed":true,"version":"3.13.1","resolution":"E:\\web\\2021\\react\\react-ecomm\\functions\\node_modules\\firebase-functions\\lib\\index.js"} {"metadata":{"emulator":{"name":"functions"},"function":{"name":"api"},"message":"[runtime-status] [73712] Resolved module firebase-functions {\"declared\":true,\"installed\":true,\"version\":\"3.13.1\",\"resolution\":\"E:\\\\web\\\\2021\\\\react\\\\react-ecomm\\\\functions\\\\node_modules\\\\firebase-functions\\\\lib\\\\index.js\"}"}}
[debug] [2021-01-23T08:42:06.533Z] [runtime-status] [73712] firebase-admin has been stubbed. {"adminResolution":{"declared":true,"installed":true,"version":"9.4.2","resolution":"E:\\web\\2021\\react\\react-ecomm\\functions\\node_modules\\firebase-admin\\lib\\index.js"}} {"metadata":{"emulator":{"name":"functions"},"function":{"name":"api"},"message":"[runtime-status] [73712] firebase-admin has been stubbed. {\"adminResolution\":{\"declared\":true,\"installed\":true,\"version\":\"9.4.2\",\"resolution\":\"E:\\\\web\\\\2021\\\\react\\\\react-ecomm\\\\functions\\\\node_modules\\\\firebase-admin\\\\lib\\\\index.js\"}}"}}
[debug] [2021-01-23T08:42:06.755Z] [runtime-status] [73712] Trigger "api" has been found, beginning invocation! {"metadata":{"emulator":{"name":"functions"},"function":{"name":"api"},"message":"[runtime-status] [73712] Trigger \"api\" has been found, beginning invocation!"}}
[info] i  functions: Beginning execution of "api" {"metadata":{"emulator":{"name":"functions"},"function":{"name":"api"},"message":"Beginning execution of \"api\""}}
[debug] [2021-01-23T08:42:06.758Z] [runtime-status] [73712] triggerDefinition {"httpsTrigger":{},"name":"api","entryPoint":"api"} {"metadata":{"emulator":{"name":"functions"},"function":{"name":"api"},"message":"[runtime-status] [73712] triggerDefinition {\"httpsTrigger\":{},\"name\":\"api\",\"entryPoint\":\"api\"}"}}
[debug] [2021-01-23T08:42:06.759Z] [runtime-status] [73712] Running api in mode HTTPS {"metadata":{"emulator":{"name":"functions"},"function":{"name":"api"},"message":"[runtime-status] [73712] Running api in mode HTTPS"}}
[debug] [2021-01-23T08:42:06.764Z] [runtime-status] [73712] Attempting to listen to socketPath: \\?\pipe\E:\web\2021\react\react-ecomm\functions\73712 {"metadata":{"emulator":{"name":"functions"},"function":{"name":"api"},"message":"[runtime-status] [73712] Attempting to listen to socketPath: \\\\?\\pipe\\E:\\web\\2021\\react\\react-ecomm\\functions\\73712"}}
[debug] [2021-01-23T08:42:06.769Z] [functions] Runtime ready! Sending request! {"metadata":{"emulator":{"name":"functions"},"message":"[functions] Runtime ready! Sending request!"}}
[debug] [2021-01-23T08:42:06.770Z] [functions] Got req.url=/ecommerce-web-ebf93/us-central1/api, mapping to path=/ {"metadata":{"emulator":{"name":"functions"},"message":"[functions] Got req.url=/ecommerce-web-ebf93/us-central1/api, mapping to path=/"}}
[debug] [2021-01-23T08:42:06.789Z] [runtime-status] [73712] Ephemeral server handling GET request {"metadata":{"emulator":{"name":"functions"},"function":{"name":"api"},"message":"[runtime-status] [73712] Ephemeral server handling GET request"}}
[debug] [2021-01-23T08:42:06.807Z] [runtime-status] [73712] Ephemeral server survived. {"metadata":{"emulator":{"name":"functions"},"function":{"name":"api"},"message":"[runtime-status] [73712] Ephemeral server survived."}}
[info] i  functions: Finished "api" in ~1s {"metadata":{"emulator":{"name":"functions"},"function":{"name":"api"},"message":"Finished \"api\" in ~1s"}}
[debug] [2021-01-23T08:42:06.820Z] [worker-api-a090b4c2-f5ca-4363-9e98-ea93212f110f]: IDLE {"metadata":{"emulator":{"name":"functions"},"message":"[worker-api-a090b4c2-f5ca-4363-9e98-ea93212f110f]: IDLE"}}
[debug] [2021-01-23T08:42:06.821Z] [work-queue] {"queueLength":0,"workRunningCount":0}
[debug] [2021-01-23T08:42:07.012Z] Functions emulator received unknown request at path /favicon.ico
[debug] [2021-01-23T08:46:58.388Z] File E:\web\2021\react\react-ecomm\functions\index.js changed, reloading triggers {"metadata":{"emulator":{"name":"functions"},"message":"File E:\\web\\2021\\react\\react-ecomm\\functions\\index.js changed, reloading triggers"}}
[debug] [2021-01-23T08:46:59.395Z] [worker-pool] Shutting down IDLE worker (~diagnostic~) {"metadata":{"emulator":{"name":"functions"},"message":"[worker-pool] Shutting down IDLE worker (~diagnostic~)"}}
[debug] [2021-01-23T08:46:59.396Z] [worker-~diagnostic~-308022d0-1c1e-4e5a-aba3-753fec74ed3a]: FINISHING {"metadata":{"emulator":{"name":"functions"},"message":"[worker-~diagnostic~-308022d0-1c1e-4e5a-aba3-753fec74ed3a]: FINISHING"}}
[debug] [2021-01-23T08:46:59.397Z] [worker-pool] Shutting down IDLE worker (api) {"metadata":{"emulator":{"name":"functions"},"message":"[worker-pool] Shutting down IDLE worker (api)"}}
[debug] [2021-01-23T08:46:59.397Z] [worker-api-a090b4c2-f5ca-4363-9e98-ea93212f110f]: FINISHING {"metadata":{"emulator":{"name":"functions"},"message":"[worker-api-a090b4c2-f5ca-4363-9e98-ea93212f110f]: FINISHING"}}
[debug] [2021-01-23T08:46:59.415Z] [worker-pool] addWorker(~diagnostic~) {"metadata":{"emulator":{"name":"functions"},"message":"[worker-pool] addWorker(~diagnostic~)"}}
[debug] [2021-01-23T08:46:59.416Z] [worker-pool] Adding worker with key ~diagnostic~, total=2 {"metadata":{"emulator":{"name":"functions"},"message":"[worker-pool] Adding worker with key ~diagnostic~, total=2"}}
[debug] [2021-01-23T08:46:59.416Z] [worker-pool] submitWork(triggerId=) {"metadata":{"emulator":{"name":"functions"},"message":"[worker-pool] submitWork(triggerId=)"}}
[debug] [2021-01-23T08:46:59.417Z] [worker-~diagnostic~-f1d7bf7e-3aaf-416d-b401-50af644fba33]: Assigning socketPath: \\?\pipe\E:\web\2021\react\react-ecomm\functions\66908 {"metadata":{"emulator":{"name":"functions"},"message":"[worker-~diagnostic~-f1d7bf7e-3aaf-416d-b401-50af644fba33]: Assigning socketPath: \\\\?\\pipe\\E:\\web\\2021\\react\\react-ecomm\\functions\\66908"}}
[debug] [2021-01-23T08:46:59.417Z] [worker-~diagnostic~-f1d7bf7e-3aaf-416d-b401-50af644fba33]: BUSY {"metadata":{"emulator":{"name":"functions"},"message":"[worker-~diagnostic~-f1d7bf7e-3aaf-416d-b401-50af644fba33]: BUSY"}}
[debug] [2021-01-23T08:46:59.421Z] [worker-api-a090b4c2-f5ca-4363-9e98-ea93212f110f]: exited {"metadata":{"emulator":{"name":"functions"},"message":"[worker-api-a090b4c2-f5ca-4363-9e98-ea93212f110f]: exited"}}
[debug] [2021-01-23T08:46:59.421Z] [worker-api-a090b4c2-f5ca-4363-9e98-ea93212f110f]: FINISHED {"metadata":{"emulator":{"name":"functions"},"message":"[worker-api-a090b4c2-f5ca-4363-9e98-ea93212f110f]: FINISHED"}}
[debug] [2021-01-23T08:46:59.422Z] [worker-~diagnostic~-308022d0-1c1e-4e5a-aba3-753fec74ed3a]: exited {"metadata":{"emulator":{"name":"functions"},"message":"[worker-~diagnostic~-308022d0-1c1e-4e5a-aba3-753fec74ed3a]: exited"}}
[debug] [2021-01-23T08:46:59.422Z] [worker-~diagnostic~-308022d0-1c1e-4e5a-aba3-753fec74ed3a]: FINISHED {"metadata":{"emulator":{"name":"functions"},"message":"[worker-~diagnostic~-308022d0-1c1e-4e5a-aba3-753fec74ed3a]: FINISHED"}}
[debug] [2021-01-23T08:46:59.890Z] [runtime-status] [66908] Functions runtime initialized. {"cwd":"E:\\web\\2021\\react\\react-ecomm\\functions","node_version":"14.8.0"} {"metadata":{"emulator":{"name":"functions"},"message":"[runtime-status] [66908] Functions runtime initialized. {\"cwd\":\"E:\\\\web\\\\2021\\\\react\\\\react-ecomm\\\\functions\",\"node_version\":\"14.8.0\"}"}}
[debug] [2021-01-23T08:46:59.893Z] [runtime-status] [66908] Disabled runtime features: undefined {"metadata":{"emulator":{"name":"functions"},"message":"[runtime-status] [66908] Disabled runtime features: undefined"}}
[debug] [2021-01-23T08:46:59.900Z] [runtime-status] [66908] Resolved module firebase-admin {"declared":true,"installed":true,"version":"9.4.2","resolution":"E:\\web\\2021\\react\\react-ecomm\\functions\\node_modules\\firebase-admin\\lib\\index.js"} {"metadata":{"emulator":{"name":"functions"},"message":"[runtime-status] [66908] Resolved module firebase-admin {\"declared\":true,\"installed\":true,\"version\":\"9.4.2\",\"resolution\":\"E:\\\\web\\\\2021\\\\react\\\\react-ecomm\\\\functions\\\\node_modules\\\\firebase-admin\\\\lib\\\\index.js\"}"}}
[debug] [2021-01-23T08:46:59.903Z] [runtime-status] [66908] Resolved module firebase-functions {"declared":true,"installed":true,"version":"3.13.1","resolution":"E:\\web\\2021\\react\\react-ecomm\\functions\\node_modules\\firebase-functions\\lib\\index.js"} {"metadata":{"emulator":{"name":"functions"},"message":"[runtime-status] [66908] Resolved module firebase-functions {\"declared\":true,\"installed\":true,\"version\":\"3.13.1\",\"resolution\":\"E:\\\\web\\\\2021\\\\react\\\\react-ecomm\\\\functions\\\\node_modules\\\\firebase-functions\\\\lib\\\\index.js\"}"}}
[debug] [2021-01-23T08:46:59.908Z] [runtime-status] [66908] Resolved module firebase-functions {"declared":true,"installed":true,"version":"3.13.1","resolution":"E:\\web\\2021\\react\\react-ecomm\\functions\\node_modules\\firebase-functions\\lib\\index.js"} {"metadata":{"emulator":{"name":"functions"},"message":"[runtime-status] [66908] Resolved module firebase-functions {\"declared\":true,\"installed\":true,\"version\":\"3.13.1\",\"resolution\":\"E:\\\\web\\\\2021\\\\react\\\\react-ecomm\\\\functions\\\\node_modules\\\\firebase-functions\\\\lib\\\\index.js\"}"}}
[debug] [2021-01-23T08:46:59.913Z] [runtime-status] [66908] Outgoing network have been stubbed. [{"name":"http","status":"mocked"},{"name":"http","status":"mocked"},{"name":"https","status":"mocked"},{"name":"https","status":"mocked"},{"name":"net","status":"mocked"}] {"metadata":{"emulator":{"name":"functions"},"message":"[runtime-status] [66908] Outgoing network have been stubbed. [{\"name\":\"http\",\"status\":\"mocked\"},{\"name\":\"http\",\"status\":\"mocked\"},{\"name\":\"https\",\"status\":\"mocked\"},{\"name\":\"https\",\"status\":\"mocked\"},{\"name\":\"net\",\"status\":\"mocked\"}]"}}
[debug] [2021-01-23T08:46:59.914Z] [runtime-status] [66908] Resolved module firebase-functions {"declared":true,"installed":true,"version":"3.13.1","resolution":"E:\\web\\2021\\react\\react-ecomm\\functions\\node_modules\\firebase-functions\\lib\\index.js"} {"metadata":{"emulator":{"name":"functions"},"message":"[runtime-status] [66908] Resolved module firebase-functions {\"declared\":true,\"installed\":true,\"version\":\"3.13.1\",\"resolution\":\"E:\\\\web\\\\2021\\\\react\\\\react-ecomm\\\\functions\\\\node_modules\\\\firebase-functions\\\\lib\\\\index.js\"}"}}
[debug] [2021-01-23T08:47:00.025Z] [runtime-status] [66908] Checked functions.config() {"config":{}} {"metadata":{"emulator":{"name":"functions"},"message":"[runtime-status] [66908] Checked functions.config() {\"config\":{}}"}}
[debug] [2021-01-23T08:47:00.026Z] [runtime-status] [66908] firebase-functions has been stubbed. {"functionsResolution":{"declared":true,"installed":true,"version":"3.13.1","resolution":"E:\\web\\2021\\react\\react-ecomm\\functions\\node_modules\\firebase-functions\\lib\\index.js"}} {"metadata":{"emulator":{"name":"functions"},"message":"[runtime-status] [66908] firebase-functions has been stubbed. {\"functionsResolution\":{\"declared\":true,\"installed\":true,\"version\":\"3.13.1\",\"resolution\":\"E:\\\\web\\\\2021\\\\react\\\\react-ecomm\\\\functions\\\\node_modules\\\\firebase-functions\\\\lib\\\\index.js\"}}"}}
[debug] [2021-01-23T08:47:00.027Z] [runtime-status] [66908] Resolved module firebase-functions {"declared":true,"installed":true,"version":"3.13.1","resolution":"E:\\web\\2021\\react\\react-ecomm\\functions\\node_modules\\firebase-functions\\lib\\index.js"} {"metadata":{"emulator":{"name":"functions"},"message":"[runtime-status] [66908] Resolved module firebase-functions {\"declared\":true,\"installed\":true,\"version\":\"3.13.1\",\"resolution\":\"E:\\\\web\\\\2021\\\\react\\\\react-ecomm\\\\functions\\\\node_modules\\\\firebase-functions\\\\lib\\\\index.js\"}"}}
[debug] [2021-01-23T08:47:00.030Z] [runtime-status] [66908] Resolved module firebase-admin {"declared":true,"installed":true,"version":"9.4.2","resolution":"E:\\web\\2021\\react\\react-ecomm\\functions\\node_modules\\firebase-admin\\lib\\index.js"} {"metadata":{"emulator":{"name":"functions"},"message":"[runtime-status] [66908] Resolved module firebase-admin {\"declared\":true,\"installed\":true,\"version\":\"9.4.2\",\"resolution\":\"E:\\\\web\\\\2021\\\\react\\\\react-ecomm\\\\functions\\\\node_modules\\\\firebase-admin\\\\lib\\\\index.js\"}"}}
[debug] [2021-01-23T08:47:00.031Z] [runtime-status] [66908] Resolved module firebase-functions {"declared":true,"installed":true,"version":"3.13.1","resolution":"E:\\web\\2021\\react\\react-ecomm\\functions\\node_modules\\firebase-functions\\lib\\index.js"} {"metadata":{"emulator":{"name":"functions"},"message":"[runtime-status] [66908] Resolved module firebase-functions {\"declared\":true,\"installed\":true,\"version\":\"3.13.1\",\"resolution\":\"E:\\\\web\\\\2021\\\\react\\\\react-ecomm\\\\functions\\\\node_modules\\\\firebase-functions\\\\lib\\\\index.js\"}"}}
[debug] [2021-01-23T08:47:00.032Z] [runtime-status] [66908] firebase-admin has been stubbed. {"adminResolution":{"declared":true,"installed":true,"version":"9.4.2","resolution":"E:\\web\\2021\\react\\react-ecomm\\functions\\node_modules\\firebase-admin\\lib\\index.js"}} {"metadata":{"emulator":{"name":"functions"},"message":"[runtime-status] [66908] firebase-admin has been stubbed. {\"adminResolution\":{\"declared\":true,\"installed\":true,\"version\":\"9.4.2\",\"resolution\":\"E:\\\\web\\\\2021\\\\react\\\\react-ecomm\\\\functions\\\\node_modules\\\\firebase-admin\\\\lib\\\\index.js\"}}"}}
[debug] [2021-01-23T08:47:00.390Z] [worker-~diagnostic~-f1d7bf7e-3aaf-416d-b401-50af644fba33]: IDLE {"metadata":{"emulator":{"name":"functions"},"message":"[worker-~diagnostic~-f1d7bf7e-3aaf-416d-b401-50af644fba33]: IDLE"}}
[debug] [2021-01-23T08:51:09.553Z] [work-queue] {"queueLength":1,"workRunningCount":0}
[debug] [2021-01-23T08:51:09.554Z] [work-queue] {"queueLength":0,"workRunningCount":1}
[debug] [2021-01-23T08:51:09.554Z] Accepted request OPTIONS /ecommerce-web-ebf93/us-central1/api/payments/create --> api
[debug] [2021-01-23T08:51:09.554Z] [worker-pool] Cleaned up workers for ~diagnostic~: 2 --> 1 {"metadata":{"emulator":{"name":"functions"},"message":"[worker-pool] Cleaned up workers for ~diagnostic~: 2 --> 1"}}
[debug] [2021-01-23T08:51:09.554Z] [worker-pool] Cleaned up workers for api: 1 --> 0 {"metadata":{"emulator":{"name":"functions"},"message":"[worker-pool] Cleaned up workers for api: 1 --> 0"}}
[debug] [2021-01-23T08:51:09.572Z] [worker-pool] addWorker(api) {"metadata":{"emulator":{"name":"functions"},"message":"[worker-pool] addWorker(api)"}}
[debug] [2021-01-23T08:51:09.573Z] [worker-pool] Adding worker with key api, total=1 {"metadata":{"emulator":{"name":"functions"},"message":"[worker-pool] Adding worker with key api, total=1"}}
[debug] [2021-01-23T08:51:09.573Z] [worker-pool] submitWork(triggerId=api) {"metadata":{"emulator":{"name":"functions"},"message":"[worker-pool] submitWork(triggerId=api)"}}
[debug] [2021-01-23T08:51:09.573Z] [worker-api-abbb8ee3-ecc5-428f-a53c-5bf706819406]: Assigning socketPath: \\?\pipe\E:\web\2021\react\react-ecomm\functions\75784 {"metadata":{"emulator":{"name":"functions"},"message":"[worker-api-abbb8ee3-ecc5-428f-a53c-5bf706819406]: Assigning socketPath: \\\\?\\pipe\\E:\\web\\2021\\react\\react-ecomm\\functions\\75784"}}
[debug] [2021-01-23T08:51:09.573Z] [worker-api-abbb8ee3-ecc5-428f-a53c-5bf706819406]: BUSY {"metadata":{"emulator":{"name":"functions"},"message":"[worker-api-abbb8ee3-ecc5-428f-a53c-5bf706819406]: BUSY"}}
[debug] [2021-01-23T08:51:10.035Z] [runtime-status] [75784] Functions runtime initialized. {"cwd":"E:\\web\\2021\\react\\react-ecomm\\functions","node_version":"14.8.0"} {"metadata":{"emulator":{"name":"functions"},"function":{"name":"api"},"message":"[runtime-status] [75784] Functions runtime initialized. {\"cwd\":\"E:\\\\web\\\\2021\\\\react\\\\react-ecomm\\\\functions\",\"node_version\":\"14.8.0\"}"}}
[debug] [2021-01-23T08:51:10.045Z] [runtime-status] [75784] Disabled runtime features: undefined {"metadata":{"emulator":{"name":"functions"},"function":{"name":"api"},"message":"[runtime-status] [75784] Disabled runtime features: undefined"}}
[debug] [2021-01-23T08:51:10.051Z] [runtime-status] [75784] Resolved module firebase-admin {"declared":true,"installed":true,"version":"9.4.2","resolution":"E:\\web\\2021\\react\\react-ecomm\\functions\\node_modules\\firebase-admin\\lib\\index.js"} {"metadata":{"emulator":{"name":"functions"},"function":{"name":"api"},"message":"[runtime-status] [75784] Resolved module firebase-admin {\"declared\":true,\"installed\":true,\"version\":\"9.4.2\",\"resolution\":\"E:\\\\web\\\\2021\\\\react\\\\react-ecomm\\\\functions\\\\node_modules\\\\firebase-admin\\\\lib\\\\index.js\"}"}}
[debug] [2021-01-23T08:51:10.055Z] [runtime-status] [75784] Resolved module firebase-functions {"declared":true,"installed":true,"version":"3.13.1","resolution":"E:\\web\\2021\\react\\react-ecomm\\functions\\node_modules\\firebase-functions\\lib\\index.js"} {"metadata":{"emulator":{"name":"functions"},"function":{"name":"api"},"message":"[runtime-status] [75784] Resolved module firebase-functions {\"declared\":true,\"installed\":true,\"version\":\"3.13.1\",\"resolution\":\"E:\\\\web\\\\2021\\\\react\\\\react-ecomm\\\\functions\\\\node_modules\\\\firebase-functions\\\\lib\\\\index.js\"}"}}
[debug] [2021-01-23T08:51:10.059Z] [runtime-status] [75784] Resolved module firebase-functions {"declared":true,"installed":true,"version":"3.13.1","resolution":"E:\\web\\2021\\react\\react-ecomm\\functions\\node_modules\\firebase-functions\\lib\\index.js"} {"metadata":{"emulator":{"name":"functions"},"function":{"name":"api"},"message":"[runtime-status] [75784] Resolved module firebase-functions {\"declared\":true,\"installed\":true,\"version\":\"3.13.1\",\"resolution\":\"E:\\\\web\\\\2021\\\\react\\\\react-ecomm\\\\functions\\\\node_modules\\\\firebase-functions\\\\lib\\\\index.js\"}"}}
[debug] [2021-01-23T08:51:10.063Z] [runtime-status] [75784] Outgoing network have been stubbed. [{"name":"http","status":"mocked"},{"name":"http","status":"mocked"},{"name":"https","status":"mocked"},{"name":"https","status":"mocked"},{"name":"net","status":"mocked"}] {"metadata":{"emulator":{"name":"functions"},"function":{"name":"api"},"message":"[runtime-status] [75784] Outgoing network have been stubbed. [{\"name\":\"http\",\"status\":\"mocked\"},{\"name\":\"http\",\"status\":\"mocked\"},{\"name\":\"https\",\"status\":\"mocked\"},{\"name\":\"https\",\"status\":\"mocked\"},{\"name\":\"net\",\"status\":\"mocked\"}]"}}
[debug] [2021-01-23T08:51:10.064Z] [runtime-status] [75784] Resolved module firebase-functions {"declared":true,"installed":true,"version":"3.13.1","resolution":"E:\\web\\2021\\react\\react-ecomm\\functions\\node_modules\\firebase-functions\\lib\\index.js"} {"metadata":{"emulator":{"name":"functions"},"function":{"name":"api"},"message":"[runtime-status] [75784] Resolved module firebase-functions {\"declared\":true,\"installed\":true,\"version\":\"3.13.1\",\"resolution\":\"E:\\\\web\\\\2021\\\\react\\\\react-ecomm\\\\functions\\\\node_modules\\\\firebase-functions\\\\lib\\\\index.js\"}"}}
[debug] [2021-01-23T08:51:10.158Z] [runtime-status] [75784] Checked functions.config() {"config":{}} {"metadata":{"emulator":{"name":"functions"},"function":{"name":"api"},"message":"[runtime-status] [75784] Checked functions.config() {\"config\":{}}"}}
[debug] [2021-01-23T08:51:10.158Z] [runtime-status] [75784] firebase-functions has been stubbed. {"functionsResolution":{"declared":true,"installed":true,"version":"3.13.1","resolution":"E:\\web\\2021\\react\\react-ecomm\\functions\\node_modules\\firebase-functions\\lib\\index.js"}} {"metadata":{"emulator":{"name":"functions"},"function":{"name":"api"},"message":"[runtime-status] [75784] firebase-functions has been stubbed. {\"functionsResolution\":{\"declared\":true,\"installed\":true,\"version\":\"3.13.1\",\"resolution\":\"E:\\\\web\\\\2021\\\\react\\\\react-ecomm\\\\functions\\\\node_modules\\\\firebase-functions\\\\lib\\\\index.js\"}}"}}
[debug] [2021-01-23T08:51:10.159Z] [runtime-status] [75784] Resolved module firebase-functions {"declared":true,"installed":true,"version":"3.13.1","resolution":"E:\\web\\2021\\react\\react-ecomm\\functions\\node_modules\\firebase-functions\\lib\\index.js"} {"metadata":{"emulator":{"name":"functions"},"function":{"name":"api"},"message":"[runtime-status] [75784] Resolved module firebase-functions {\"declared\":true,\"installed\":true,\"version\":\"3.13.1\",\"resolution\":\"E:\\\\web\\\\2021\\\\react\\\\react-ecomm\\\\functions\\\\node_modules\\\\firebase-functions\\\\lib\\\\index.js\"}"}}
[debug] [2021-01-23T08:51:10.161Z] [runtime-status] [75784] Resolved module firebase-admin {"declared":true,"installed":true,"version":"9.4.2","resolution":"E:\\web\\2021\\react\\react-ecomm\\functions\\node_modules\\firebase-admin\\lib\\index.js"} {"metadata":{"emulator":{"name":"functions"},"function":{"name":"api"},"message":"[runtime-status] [75784] Resolved module firebase-admin {\"declared\":true,\"installed\":true,\"version\":\"9.4.2\",\"resolution\":\"E:\\\\web\\\\2021\\\\react\\\\react-ecomm\\\\functions\\\\node_modules\\\\firebase-admin\\\\lib\\\\index.js\"}"}}
[debug] [2021-01-23T08:51:10.162Z] [runtime-status] [75784] Resolved module firebase-functions {"declared":true,"installed":true,"version":"3.13.1","resolution":"E:\\web\\2021\\react\\react-ecomm\\functions\\node_modules\\firebase-functions\\lib\\index.js"} {"metadata":{"emulator":{"name":"functions"},"function":{"name":"api"},"message":"[runtime-status] [75784] Resolved module firebase-functions {\"declared\":true,\"installed\":true,\"version\":\"3.13.1\",\"resolution\":\"E:\\\\web\\\\2021\\\\react\\\\react-ecomm\\\\functions\\\\node_modules\\\\firebase-functions\\\\lib\\\\index.js\"}"}}
[debug] [2021-01-23T08:51:10.162Z] [runtime-status] [75784] firebase-admin has been stubbed. {"adminResolution":{"declared":true,"installed":true,"version":"9.4.2","resolution":"E:\\web\\2021\\react\\react-ecomm\\functions\\node_modules\\firebase-admin\\lib\\index.js"}} {"metadata":{"emulator":{"name":"functions"},"function":{"name":"api"},"message":"[runtime-status] [75784] firebase-admin has been stubbed. {\"adminResolution\":{\"declared\":true,\"installed\":true,\"version\":\"9.4.2\",\"resolution\":\"E:\\\\web\\\\2021\\\\react\\\\react-ecomm\\\\functions\\\\node_modules\\\\firebase-admin\\\\lib\\\\index.js\"}}"}}
[debug] [2021-01-23T08:51:10.444Z] [runtime-status] [75784] Trigger "api" has been found, beginning invocation! {"metadata":{"emulator":{"name":"functions"},"function":{"name":"api"},"message":"[runtime-status] [75784] Trigger \"api\" has been found, beginning invocation!"}}
[info] i  functions: Beginning execution of "api" {"metadata":{"emulator":{"name":"functions"},"function":{"name":"api"},"message":"Beginning execution of \"api\""}}
[debug] [2021-01-23T08:51:10.446Z] [runtime-status] [75784] triggerDefinition {"httpsTrigger":{},"name":"api","entryPoint":"api"} {"metadata":{"emulator":{"name":"functions"},"function":{"name":"api"},"message":"[runtime-status] [75784] triggerDefinition {\"httpsTrigger\":{},\"name\":\"api\",\"entryPoint\":\"api\"}"}}
[debug] [2021-01-23T08:51:10.446Z] [runtime-status] [75784] Running api in mode HTTPS {"metadata":{"emulator":{"name":"functions"},"function":{"name":"api"},"message":"[runtime-status] [75784] Running api in mode HTTPS"}}
[debug] [2021-01-23T08:51:10.449Z] [runtime-status] [75784] Attempting to listen to socketPath: \\?\pipe\E:\web\2021\react\react-ecomm\functions\75784 {"metadata":{"emulator":{"name":"functions"},"function":{"name":"api"},"message":"[runtime-status] [75784] Attempting to listen to socketPath: \\\\?\\pipe\\E:\\web\\2021\\react\\react-ecomm\\functions\\75784"}}
[debug] [2021-01-23T08:51:10.453Z] [functions] Runtime ready! Sending request! {"metadata":{"emulator":{"name":"functions"},"message":"[functions] Runtime ready! Sending request!"}}
[debug] [2021-01-23T08:51:10.454Z] [functions] Got req.url=/ecommerce-web-ebf93/us-central1/api/payments/create, mapping to path=/payments/create {"metadata":{"emulator":{"name":"functions"},"message":"[functions] Got req.url=/ecommerce-web-ebf93/us-central1/api/payments/create, mapping to path=/payments/create"}}
[debug] [2021-01-23T08:51:10.460Z] [runtime-status] [75784] Ephemeral server handling OPTIONS request {"metadata":{"emulator":{"name":"functions"},"function":{"name":"api"},"message":"[runtime-status] [75784] Ephemeral server handling OPTIONS request"}}
[debug] [2021-01-23T08:51:10.466Z] [runtime-status] [75784] Ephemeral server survived. {"metadata":{"emulator":{"name":"functions"},"function":{"name":"api"},"message":"[runtime-status] [75784] Ephemeral server survived."}}
[debug] [2021-01-23T08:51:10.471Z] [work-queue] {"queueLength":1,"workRunningCount":1}
[debug] [2021-01-23T08:51:10.471Z] [work-queue] {"queueLength":0,"workRunningCount":2}
[debug] [2021-01-23T08:51:10.471Z] Accepted request POST /ecommerce-web-ebf93/us-central1/api/payments/create --> api
[debug] [2021-01-23T08:51:10.487Z] [worker-pool] addWorker(api) {"metadata":{"emulator":{"name":"functions"},"message":"[worker-pool] addWorker(api)"}}
[debug] [2021-01-23T08:51:10.487Z] [worker-pool] Adding worker with key api, total=2 {"metadata":{"emulator":{"name":"functions"},"message":"[worker-pool] Adding worker with key api, total=2"}}
[debug] [2021-01-23T08:51:10.487Z] [worker-pool] submitWork(triggerId=api) {"metadata":{"emulator":{"name":"functions"},"message":"[worker-pool] submitWork(triggerId=api)"}}
[debug] [2021-01-23T08:51:10.488Z] [worker-api-338c2801-db8a-4600-a8fe-bc454174a7b2]: Assigning socketPath: \\?\pipe\E:\web\2021\react\react-ecomm\functions\74856 {"metadata":{"emulator":{"name":"functions"},"message":"[worker-api-338c2801-db8a-4600-a8fe-bc454174a7b2]: Assigning socketPath: \\\\?\\pipe\\E:\\web\\2021\\react\\react-ecomm\\functions\\74856"}}
[debug] [2021-01-23T08:51:10.488Z] [worker-api-338c2801-db8a-4600-a8fe-bc454174a7b2]: BUSY {"metadata":{"emulator":{"name":"functions"},"message":"[worker-api-338c2801-db8a-4600-a8fe-bc454174a7b2]: BUSY"}}
[info] i  functions: Finished "api" in ~1s {"metadata":{"emulator":{"name":"functions"},"function":{"name":"api"},"message":"Finished \"api\" in ~1s"}}
[debug] [2021-01-23T08:51:10.490Z] [worker-api-abbb8ee3-ecc5-428f-a53c-5bf706819406]: IDLE {"metadata":{"emulator":{"name":"functions"},"message":"[worker-api-abbb8ee3-ecc5-428f-a53c-5bf706819406]: IDLE"}}
[debug] [2021-01-23T08:51:10.490Z] [work-queue] {"queueLength":0,"workRunningCount":1}
[debug] [2021-01-23T08:51:10.906Z] [runtime-status] [74856] Functions runtime initialized. {"cwd":"E:\\web\\2021\\react\\react-ecomm\\functions","node_version":"14.8.0"} {"metadata":{"emulator":{"name":"functions"},"function":{"name":"api"},"message":"[runtime-status] [74856] Functions runtime initialized. {\"cwd\":\"E:\\\\web\\\\2021\\\\react\\\\react-ecomm\\\\functions\",\"node_version\":\"14.8.0\"}"}}
[debug] [2021-01-23T08:51:10.908Z] [runtime-status] [74856] Disabled runtime features: undefined {"metadata":{"emulator":{"name":"functions"},"function":{"name":"api"},"message":"[runtime-status] [74856] Disabled runtime features: undefined"}}
[debug] [2021-01-23T08:51:10.913Z] [runtime-status] [74856] Resolved module firebase-admin {"declared":true,"installed":true,"version":"9.4.2","resolution":"E:\\web\\2021\\react\\react-ecomm\\functions\\node_modules\\firebase-admin\\lib\\index.js"} {"metadata":{"emulator":{"name":"functions"},"function":{"name":"api"},"message":"[runtime-status] [74856] Resolved module firebase-admin {\"declared\":true,\"installed\":true,\"version\":\"9.4.2\",\"resolution\":\"E:\\\\web\\\\2021\\\\react\\\\react-ecomm\\\\functions\\\\node_modules\\\\firebase-admin\\\\lib\\\\index.js\"}"}}
[debug] [2021-01-23T08:51:10.915Z] [runtime-status] [74856] Resolved module firebase-functions {"declared":true,"installed":true,"version":"3.13.1","resolution":"E:\\web\\2021\\react\\react-ecomm\\functions\\node_modules\\firebase-functions\\lib\\index.js"} {"metadata":{"emulator":{"name":"functions"},"function":{"name":"api"},"message":"[runtime-status] [74856] Resolved module firebase-functions {\"declared\":true,\"installed\":true,\"version\":\"3.13.1\",\"resolution\":\"E:\\\\web\\\\2021\\\\react\\\\react-ecomm\\\\functions\\\\node_modules\\\\firebase-functions\\\\lib\\\\index.js\"}"}}
[debug] [2021-01-23T08:51:10.920Z] [runtime-status] [74856] Resolved module firebase-functions {"declared":true,"installed":true,"version":"3.13.1","resolution":"E:\\web\\2021\\react\\react-ecomm\\functions\\node_modules\\firebase-functions\\lib\\index.js"} {"metadata":{"emulator":{"name":"functions"},"function":{"name":"api"},"message":"[runtime-status] [74856] Resolved module firebase-functions {\"declared\":true,\"installed\":true,\"version\":\"3.13.1\",\"resolution\":\"E:\\\\web\\\\2021\\\\react\\\\react-ecomm\\\\functions\\\\node_modules\\\\firebase-functions\\\\lib\\\\index.js\"}"}}
[debug] [2021-01-23T08:51:10.926Z] [runtime-status] [74856] Outgoing network have been stubbed. [{"name":"http","status":"mocked"},{"name":"http","status":"mocked"},{"name":"https","status":"mocked"},{"name":"https","status":"mocked"},{"name":"net","status":"mocked"}] {"metadata":{"emulator":{"name":"functions"},"function":{"name":"api"},"message":"[runtime-status] [74856] Outgoing network have been stubbed. [{\"name\":\"http\",\"status\":\"mocked\"},{\"name\":\"http\",\"status\":\"mocked\"},{\"name\":\"https\",\"status\":\"mocked\"},{\"name\":\"https\",\"status\":\"mocked\"},{\"name\":\"net\",\"status\":\"mocked\"}]"}}
[debug] [2021-01-23T08:51:10.927Z] [runtime-status] [74856] Resolved module firebase-functions {"declared":true,"installed":true,"version":"3.13.1","resolution":"E:\\web\\2021\\react\\react-ecomm\\functions\\node_modules\\firebase-functions\\lib\\index.js"} {"metadata":{"emulator":{"name":"functions"},"function":{"name":"api"},"message":"[runtime-status] [74856] Resolved module firebase-functions {\"declared\":true,\"installed\":true,\"version\":\"3.13.1\",\"resolution\":\"E:\\\\web\\\\2021\\\\react\\\\react-ecomm\\\\functions\\\\node_modules\\\\firebase-functions\\\\lib\\\\index.js\"}"}}
[debug] [2021-01-23T08:51:11.014Z] [runtime-status] [74856] Checked functions.config() {"config":{}} {"metadata":{"emulator":{"name":"functions"},"function":{"name":"api"},"message":"[runtime-status] [74856] Checked functions.config() {\"config\":{}}"}}
[debug] [2021-01-23T08:51:11.015Z] [runtime-status] [74856] firebase-functions has been stubbed. {"functionsResolution":{"declared":true,"installed":true,"version":"3.13.1","resolution":"E:\\web\\2021\\react\\react-ecomm\\functions\\node_modules\\firebase-functions\\lib\\index.js"}} {"metadata":{"emulator":{"name":"functions"},"function":{"name":"api"},"message":"[runtime-status] [74856] firebase-functions has been stubbed. {\"functionsResolution\":{\"declared\":true,\"installed\":true,\"version\":\"3.13.1\",\"resolution\":\"E:\\\\web\\\\2021\\\\react\\\\react-ecomm\\\\functions\\\\node_modules\\\\firebase-functions\\\\lib\\\\index.js\"}}"}}
[debug] [2021-01-23T08:51:11.016Z] [runtime-status] [74856] Resolved module firebase-functions {"declared":true,"installed":true,"version":"3.13.1","resolution":"E:\\web\\2021\\react\\react-ecomm\\functions\\node_modules\\firebase-functions\\lib\\index.js"} {"metadata":{"emulator":{"name":"functions"},"function":{"name":"api"},"message":"[runtime-status] [74856] Resolved module firebase-functions {\"declared\":true,\"installed\":true,\"version\":\"3.13.1\",\"resolution\":\"E:\\\\web\\\\2021\\\\react\\\\react-ecomm\\\\functions\\\\node_modules\\\\firebase-functions\\\\lib\\\\index.js\"}"}}
[debug] [2021-01-23T08:51:11.019Z] [runtime-status] [74856] Resolved module firebase-admin {"declared":true,"installed":true,"version":"9.4.2","resolution":"E:\\web\\2021\\react\\react-ecomm\\functions\\node_modules\\firebase-admin\\lib\\index.js"} {"metadata":{"emulator":{"name":"functions"},"function":{"name":"api"},"message":"[runtime-status] [74856] Resolved module firebase-admin {\"declared\":true,\"installed\":true,\"version\":\"9.4.2\",\"resolution\":\"E:\\\\web\\\\2021\\\\react\\\\react-ecomm\\\\functions\\\\node_modules\\\\firebase-admin\\\\lib\\\\index.js\"}"}}
[debug] [2021-01-23T08:51:11.021Z] [runtime-status] [74856] Resolved module firebase-functions {"declared":true,"installed":true,"version":"3.13.1","resolution":"E:\\web\\2021\\react\\react-ecomm\\functions\\node_modules\\firebase-functions\\lib\\index.js"} {"metadata":{"emulator":{"name":"functions"},"function":{"name":"api"},"message":"[runtime-status] [74856] Resolved module firebase-functions {\"declared\":true,\"installed\":true,\"version\":\"3.13.1\",\"resolution\":\"E:\\\\web\\\\2021\\\\react\\\\react-ecomm\\\\functions\\\\node_modules\\\\firebase-functions\\\\lib\\\\index.js\"}"}}
[debug] [2021-01-23T08:51:11.021Z] [runtime-status] [74856] firebase-admin has been stubbed. {"adminResolution":{"declared":true,"installed":true,"version":"9.4.2","resolution":"E:\\web\\2021\\react\\react-ecomm\\functions\\node_modules\\firebase-admin\\lib\\index.js"}} {"metadata":{"emulator":{"name":"functions"},"function":{"name":"api"},"message":"[runtime-status] [74856] firebase-admin has been stubbed. {\"adminResolution\":{\"declared\":true,\"installed\":true,\"version\":\"9.4.2\",\"resolution\":\"E:\\\\web\\\\2021\\\\react\\\\react-ecomm\\\\functions\\\\node_modules\\\\firebase-admin\\\\lib\\\\index.js\"}}"}}
[debug] [2021-01-23T08:51:11.273Z] [runtime-status] [74856] Trigger "api" has been found, beginning invocation! {"metadata":{"emulator":{"name":"functions"},"function":{"name":"api"},"message":"[runtime-status] [74856] Trigger \"api\" has been found, beginning invocation!"}}
[info] i  functions: Beginning execution of "api" {"metadata":{"emulator":{"name":"functions"},"function":{"name":"api"},"message":"Beginning execution of \"api\""}}
[debug] [2021-01-23T08:51:11.276Z] [runtime-status] [74856] triggerDefinition {"httpsTrigger":{},"name":"api","entryPoint":"api"} {"metadata":{"emulator":{"name":"functions"},"function":{"name":"api"},"message":"[runtime-status] [74856] triggerDefinition {\"httpsTrigger\":{},\"name\":\"api\",\"entryPoint\":\"api\"}"}}
[debug] [2021-01-23T08:51:11.276Z] [runtime-status] [74856] Running api in mode HTTPS {"metadata":{"emulator":{"name":"functions"},"function":{"name":"api"},"message":"[runtime-status] [74856] Running api in mode HTTPS"}}
[debug] [2021-01-23T08:51:11.285Z] [runtime-status] [74856] Attempting to listen to socketPath: \\?\pipe\E:\web\2021\react\react-ecomm\functions\74856 {"metadata":{"emulator":{"name":"functions"},"function":{"name":"api"},"message":"[runtime-status] [74856] Attempting to listen to socketPath: \\\\?\\pipe\\E:\\web\\2021\\react\\react-ecomm\\functions\\74856"}}
[debug] [2021-01-23T08:51:11.291Z] [functions] Runtime ready! Sending request! {"metadata":{"emulator":{"name":"functions"},"message":"[functions] Runtime ready! Sending request!"}}
[debug] [2021-01-23T08:51:11.291Z] [functions] Got req.url=/ecommerce-web-ebf93/us-central1/api/payments/create, mapping to path=/payments/create {"metadata":{"emulator":{"name":"functions"},"message":"[functions] Got req.url=/ecommerce-web-ebf93/us-central1/api/payments/create, mapping to path=/payments/create"}}
[debug] [2021-01-23T08:51:11.352Z] [runtime-status] [74856] Ephemeral server handling POST request {"metadata":{"emulator":{"name":"functions"},"function":{"name":"api"},"message":"[runtime-status] [74856] Ephemeral server handling POST request"}}
[debug] [2021-01-23T08:51:11.385Z] [runtime-status] [74856] Ephemeral server survived. {"metadata":{"emulator":{"name":"functions"},"function":{"name":"api"},"message":"[runtime-status] [74856] Ephemeral server survived."}}
[info] i  functions: Finished "api" in ~1s {"metadata":{"emulator":{"name":"functions"},"function":{"name":"api"},"message":"Finished \"api\" in ~1s"}}
[debug] [2021-01-23T08:51:12.417Z] [worker-api-338c2801-db8a-4600-a8fe-bc454174a7b2]: IDLE {"metadata":{"emulator":{"name":"functions"},"message":"[worker-api-338c2801-db8a-4600-a8fe-bc454174a7b2]: IDLE"}}
[debug] [2021-01-23T08:51:12.418Z] [work-queue] {"queueLength":0,"workRunningCount":0}
[debug] [2021-01-23T17:43:54.691Z] [work-queue] {"queueLength":1,"workRunningCount":0}
[debug] [2021-01-23T17:43:54.697Z] [work-queue] {"queueLength":0,"workRunningCount":1}
[debug] [2021-01-23T17:43:54.697Z] Accepted request OPTIONS /ecommerce-web-ebf93/us-central1/api/payments/create --> api
[debug] [2021-01-23T17:43:54.699Z] [worker-pool] submitWork(triggerId=api) {"metadata":{"emulator":{"name":"functions"},"message":"[worker-pool] submitWork(triggerId=api)"}}
[debug] [2021-01-23T17:43:54.700Z] [worker-api-abbb8ee3-ecc5-428f-a53c-5bf706819406]: Assigning socketPath: \\?\pipe\E:\web\2021\react\react-ecomm\functions\75784 {"metadata":{"emulator":{"name":"functions"},"message":"[worker-api-abbb8ee3-ecc5-428f-a53c-5bf706819406]: Assigning socketPath: \\\\?\\pipe\\E:\\web\\2021\\react\\react-ecomm\\functions\\75784"}}
[debug] [2021-01-23T17:43:54.700Z] [worker-api-abbb8ee3-ecc5-428f-a53c-5bf706819406]: BUSY {"metadata":{"emulator":{"name":"functions"},"message":"[worker-api-abbb8ee3-ecc5-428f-a53c-5bf706819406]: BUSY"}}
[debug] [2021-01-23T17:43:54.742Z] [runtime-status] [75784] Trigger "api" has been found, beginning invocation! {"metadata":{"emulator":{"name":"functions"},"function":{"name":"api"},"message":"[runtime-status] [75784] Trigger \"api\" has been found, beginning invocation!"}}
[info] i  functions: Beginning execution of "api" {"metadata":{"emulator":{"name":"functions"},"function":{"name":"api"},"message":"Beginning execution of \"api\""}}
[debug] [2021-01-23T17:43:54.747Z] [runtime-status] [75784] triggerDefinition {"httpsTrigger":{},"name":"api","entryPoint":"api"} {"metadata":{"emulator":{"name":"functions"},"function":{"name":"api"},"message":"[runtime-status] [75784] triggerDefinition {\"httpsTrigger\":{},\"name\":\"api\",\"entryPoint\":\"api\"}"}}
[debug] [2021-01-23T17:43:54.748Z] [runtime-status] [75784] Running api in mode HTTPS {"metadata":{"emulator":{"name":"functions"},"function":{"name":"api"},"message":"[runtime-status] [75784] Running api in mode HTTPS"}}
[debug] [2021-01-23T17:43:54.752Z] [runtime-status] [75784] Attempting to listen to socketPath: \\?\pipe\E:\web\2021\react\react-ecomm\functions\75784 {"metadata":{"emulator":{"name":"functions"},"function":{"name":"api"},"message":"[runtime-status] [75784] Attempting to listen to socketPath: \\\\?\\pipe\\E:\\web\\2021\\react\\react-ecomm\\functions\\75784"}}
[debug] [2021-01-23T17:43:54.759Z] [functions] Runtime ready! Sending request! {"metadata":{"emulator":{"name":"functions"},"message":"[functions] Runtime ready! Sending request!"}}
[debug] [2021-01-23T17:43:54.761Z] [functions] Got req.url=/ecommerce-web-ebf93/us-central1/api/payments/create, mapping to path=/payments/create {"metadata":{"emulator":{"name":"functions"},"message":"[functions] Got req.url=/ecommerce-web-ebf93/us-central1/api/payments/create, mapping to path=/payments/create"}}
[debug] [2021-01-23T17:43:54.769Z] [runtime-status] [75784] Ephemeral server handling OPTIONS request {"metadata":{"emulator":{"name":"functions"},"function":{"name":"api"},"message":"[runtime-status] [75784] Ephemeral server handling OPTIONS request"}}
[debug] [2021-01-23T17:43:54.774Z] [runtime-status] [75784] Ephemeral server survived. {"metadata":{"emulator":{"name":"functions"},"function":{"name":"api"},"message":"[runtime-status] [75784] Ephemeral server survived."}}
[info] i  functions: Finished "api" in ~1s {"metadata":{"emulator":{"name":"functions"},"function":{"name":"api"},"message":"Finished \"api\" in ~1s"}}
[debug] [2021-01-23T17:43:54.775Z] [worker-api-abbb8ee3-ecc5-428f-a53c-5bf706819406]: IDLE {"metadata":{"emulator":{"name":"functions"},"message":"[worker-api-abbb8ee3-ecc5-428f-a53c-5bf706819406]: IDLE"}}
[debug] [2021-01-23T17:43:54.776Z] [work-queue] {"queueLength":0,"workRunningCount":0}
[debug] [2021-01-23T17:43:54.778Z] [work-queue] {"queueLength":1,"workRunningCount":0}
[debug] [2021-01-23T17:43:54.778Z] [work-queue] {"queueLength":0,"workRunningCount":1}
[debug] [2021-01-23T17:43:54.778Z] Accepted request POST /ecommerce-web-ebf93/us-central1/api/payments/create --> api
[debug] [2021-01-23T17:43:54.778Z] [worker-pool] submitWork(triggerId=api) {"metadata":{"emulator":{"name":"functions"},"message":"[worker-pool] submitWork(triggerId=api)"}}
[debug] [2021-01-23T17:43:54.779Z] [worker-api-abbb8ee3-ecc5-428f-a53c-5bf706819406]: Assigning socketPath: \\?\pipe\E:\web\2021\react\react-ecomm\functions\75784 {"metadata":{"emulator":{"name":"functions"},"message":"[worker-api-abbb8ee3-ecc5-428f-a53c-5bf706819406]: Assigning socketPath: \\\\?\\pipe\\E:\\web\\2021\\react\\react-ecomm\\functions\\75784"}}
[debug] [2021-01-23T17:43:54.779Z] [worker-api-abbb8ee3-ecc5-428f-a53c-5bf706819406]: BUSY {"metadata":{"emulator":{"name":"functions"},"message":"[worker-api-abbb8ee3-ecc5-428f-a53c-5bf706819406]: BUSY"}}
[debug] [2021-01-23T17:43:54.785Z] [runtime-status] [75784] Trigger "api" has been found, beginning invocation! {"metadata":{"emulator":{"name":"functions"},"function":{"name":"api"},"message":"[runtime-status] [75784] Trigger \"api\" has been found, beginning invocation!"}}
[info] i  functions: Beginning execution of "api" {"metadata":{"emulator":{"name":"functions"},"function":{"name":"api"},"message":"Beginning execution of \"api\""}}
[debug] [2021-01-23T17:43:54.786Z] [runtime-status] [75784] triggerDefinition {"httpsTrigger":{},"name":"api","entryPoint":"api"} {"metadata":{"emulator":{"name":"functions"},"function":{"name":"api"},"message":"[runtime-status] [75784] triggerDefinition {\"httpsTrigger\":{},\"name\":\"api\",\"entryPoint\":\"api\"}"}}
[debug] [2021-01-23T17:43:54.786Z] [runtime-status] [75784] Running api in mode HTTPS {"metadata":{"emulator":{"name":"functions"},"function":{"name":"api"},"message":"[runtime-status] [75784] Running api in mode HTTPS"}}
[debug] [2021-01-23T17:43:54.786Z] [runtime-status] [75784] Attempting to listen to socketPath: \\?\pipe\E:\web\2021\react\react-ecomm\functions\75784 {"metadata":{"emulator":{"name":"functions"},"function":{"name":"api"},"message":"[runtime-status] [75784] Attempting to listen to socketPath: \\\\?\\pipe\\E:\\web\\2021\\react\\react-ecomm\\functions\\75784"}}
[debug] [2021-01-23T17:43:54.787Z] [functions] Runtime ready! Sending request! {"metadata":{"emulator":{"name":"functions"},"message":"[functions] Runtime ready! Sending request!"}}
[debug] [2021-01-23T17:43:54.787Z] [functions] Got req.url=/ecommerce-web-ebf93/us-central1/api/payments/create, mapping to path=/payments/create {"metadata":{"emulator":{"name":"functions"},"message":"[functions] Got req.url=/ecommerce-web-ebf93/us-central1/api/payments/create, mapping to path=/payments/create"}}
[debug] [2021-01-23T17:43:54.817Z] [runtime-status] [75784] Ephemeral server handling POST request {"metadata":{"emulator":{"name":"functions"},"function":{"name":"api"},"message":"[runtime-status] [75784] Ephemeral server handling POST request"}}
[debug] [2021-01-23T17:43:54.833Z] [runtime-status] [75784] Ephemeral server survived. {"metadata":{"emulator":{"name":"functions"},"function":{"name":"api"},"message":"[runtime-status] [75784] Ephemeral server survived."}}
[info] i  functions: Finished "api" in ~1s {"metadata":{"emulator":{"name":"functions"},"function":{"name":"api"},"message":"Finished \"api\" in ~1s"}}
[debug] [2021-01-23T17:43:55.627Z] [worker-api-abbb8ee3-ecc5-428f-a53c-5bf706819406]: IDLE {"metadata":{"emulator":{"name":"functions"},"message":"[worker-api-abbb8ee3-ecc5-428f-a53c-5bf706819406]: IDLE"}}
[debug] [2021-01-23T17:43:55.628Z] [work-queue] {"queueLength":0,"workRunningCount":0}
[debug] [2021-01-23T20:28:00.348Z] [worker-api-338c2801-db8a-4600-a8fe-bc454174a7b2]: exited {"metadata":{"emulator":{"name":"functions"},"message":"[worker-api-338c2801-db8a-4600-a8fe-bc454174a7b2]: exited"}}
[debug] [2021-01-23T20:28:00.359Z] [worker-api-338c2801-db8a-4600-a8fe-bc454174a7b2]: FINISHED {"metadata":{"emulator":{"name":"functions"},"message":"[worker-api-338c2801-db8a-4600-a8fe-bc454174a7b2]: FINISHED"}}
[debug] [2021-01-23T20:28:00.371Z] [worker-api-abbb8ee3-ecc5-428f-a53c-5bf706819406]: exited {"metadata":{"emulator":{"name":"functions"},"message":"[worker-api-abbb8ee3-ecc5-428f-a53c-5bf706819406]: exited"}}
[debug] [2021-01-23T20:28:00.372Z] [worker-api-abbb8ee3-ecc5-428f-a53c-5bf706819406]: FINISHED {"metadata":{"emulator":{"name":"functions"},"message":"[worker-api-abbb8ee3-ecc5-428f-a53c-5bf706819406]: FINISHED"}}
[debug] [2021-01-23T20:28:00.394Z] [worker-~diagnostic~-f1d7bf7e-3aaf-416d-b401-50af644fba33]: exited {"metadata":{"emulator":{"name":"functions"},"message":"[worker-~diagnostic~-f1d7bf7e-3aaf-416d-b401-50af644fba33]: exited"}}
[debug] [2021-01-23T20:28:00.395Z] [worker-~diagnostic~-f1d7bf7e-3aaf-416d-b401-50af644fba33]: FINISHED {"metadata":{"emulator":{"name":"functions"},"message":"[worker-~diagnostic~-f1d7bf7e-3aaf-416d-b401-50af644fba33]: FINISHED"}}
[debug] [2021-01-23T20:28:00.408Z] Received signal SIGHUP 1
